The system is: Linux - 3.10.0-862.14.1.5.h359.eulerosv2r7.x86_64 - x86_64
Compiling the C compiler identification source file "CMakeCCompilerId.c" succeeded.
Compiler: /usr/local/bin/cc 
Build flags: 
Id flags:  

The output was:
0


Compilation of the C compiler identification source "CMakeCCompilerId.c" produced "a.out"

The C compiler identification is GNU, found in "/usr1/jenkins/workspace/compile/V2R2_trunk/tools/toolchain/crypto_tool/tmp/CMakeFiles/3.20.5/CompilerIdC/a.out"

Compiling the CXX compiler identification source file "CMakeCXXCompilerId.cpp" succeeded.
Compiler: /usr/local/bin/c++ 
Build flags: 
Id flags:  

The output was:
0


Compilation of the CXX compiler identification source "CMakeCXXCompilerId.cpp" produced "a.out"

The CXX compiler identification is GNU, found in "/usr1/jenkins/workspace/compile/V2R2_trunk/tools/toolchain/crypto_tool/tmp/CMakeFiles/3.20.5/CompilerIdCXX/a.out"

Detecting C compiler ABI info compiled with the following output:
Change Dir: /usr1/jenkins/workspace/compile/V2R2_trunk/tools/toolchain/crypto_tool/tmp/CMakeFiles/CMakeTmp

Run Build Command(s):/usr/bin/gmake -f Makefile cmTC_5b74e/fast && /usr/bin/gmake  -f CMakeFiles/cmTC_5b74e.dir/build.make CMakeFiles/cmTC_5b74e.dir/build
gmake[1]: Entering directory '/usr1/jenkins/workspace/compile/V2R2_trunk/tools/toolchain/crypto_tool/tmp/CMakeFiles/CMakeTmp'
Building C object CMakeFiles/cmTC_5b74e.dir/CMakeCCompilerABI.c.o
/usr/local/bin/cc   -v -o CMakeFiles/cmTC_5b74e.dir/CMakeCCompilerABI.c.o -c /opt/buildtools/cmake-3.20.5/share/cmake-3.20/Modules/CMakeCCompilerABI.c
Using built-in specs.
COLLECT_GCC=/usr/local/bin/cc
Target: x86_64-pc-linux-gnu
Configured with: ./configure --prefix=/opt/buildtools/gcc-7.3.0 --with-mpc=/opt/buildtools/gcc-7.3.0/mpc-1.2.1 --with-gmp=/opt/buildtools/gcc-7.3.0/gmp-6.2.1 --with-mpfr=/opt/buildtools/gcc-7.3.0/mpfr-4.1.0 --enable-checking=release
Thread model: posix
gcc version 7.3.0 (GCC) 
COLLECT_GCC_OPTIONS='-v' '-o' 'CMakeFiles/cmTC_5b74e.dir/CMakeCCompilerABI.c.o' '-c' '-mtune=generic' '-march=x86-64'
 /opt/buildtools/gcc-7.3.0/libexec/gcc/x86_64-pc-linux-gnu/7.3.0/cc1 -quiet -v /opt/buildtools/cmake-3.20.5/share/cmake-3.20/Modules/CMakeCCompilerABI.c -quiet -dumpbase CMakeCCompilerABI.c -mtune=generic -march=x86-64 -auxbase-strip CMakeFiles/cmTC_5b74e.dir/CMakeCCompilerABI.c.o -version -o /tmp/ccQhLhi7.s
GNU C11 (GCC) version 7.3.0 (x86_64-pc-linux-gnu)
	compiled by GNU C version 7.3.0, GMP version 6.2.1, MPFR version 4.1.0, MPC version 1.2.1, isl version none
GGC heuristics: --param ggc-min-expand=100 --param ggc-min-heapsize=131072
ignoring nonexistent directory "/opt/buildtools/gcc-7.3.0/lib/gcc/x86_64-pc-linux-gnu/7.3.0/../../../../x86_64-pc-linux-gnu/include"
#include "..." search starts here:
#include <...> search starts here:
 /opt/buildtools/gcc-7.3.0/lib/gcc/x86_64-pc-linux-gnu/7.3.0/include
 /usr/local/include
 /opt/buildtools/gcc-7.3.0/include
 /opt/buildtools/gcc-7.3.0/lib/gcc/x86_64-pc-linux-gnu/7.3.0/include-fixed
 /usr/include
End of search list.
GNU C11 (GCC) version 7.3.0 (x86_64-pc-linux-gnu)
	compiled by GNU C version 7.3.0, GMP version 6.2.1, MPFR version 4.1.0, MPC version 1.2.1, isl version none
GGC heuristics: --param ggc-min-expand=100 --param ggc-min-heapsize=131072
Compiler executable checksum: 03255f0cd93ef2351dba4eaad5cace3b
COLLECT_GCC_OPTIONS='-v' '-o' 'CMakeFiles/cmTC_5b74e.dir/CMakeCCompilerABI.c.o' '-c' '-mtune=generic' '-march=x86-64'
 as -v --64 -o CMakeFiles/cmTC_5b74e.dir/CMakeCCompilerABI.c.o /tmp/ccQhLhi7.s
GNU assembler version 2.32.0 (x86_64-suse-linux) using BFD version (GNU Binutils; SUSE Linux Enterprise 12) 2.32.0.20190909-9.36
COMPILER_PATH=/opt/buildtools/gcc-7.3.0/libexec/gcc/x86_64-pc-linux-gnu/7.3.0/:/opt/buildtools/gcc-7.3.0/libexec/gcc/x86_64-pc-linux-gnu/7.3.0/:/opt/buildtools/gcc-7.3.0/libexec/gcc/x86_64-pc-linux-gnu/:/opt/buildtools/gcc-7.3.0/lib/gcc/x86_64-pc-linux-gnu/7.3.0/:/opt/buildtools/gcc-7.3.0/lib/gcc/x86_64-pc-linux-gnu/
LIBRARY_PATH=/opt/buildtools/gcc-7.3.0/lib/gcc/x86_64-pc-linux-gnu/7.3.0/:/opt/buildtools/gcc-7.3.0/lib/gcc/x86_64-pc-linux-gnu/7.3.0/../../../../lib64/:/lib/../lib64/:/usr/lib/../lib64/:/opt/buildtools/gcc-7.3.0/lib/gcc/x86_64-pc-linux-gnu/7.3.0/../../../:/lib/:/usr/lib/
COLLECT_GCC_OPTIONS='-v' '-o' 'CMakeFiles/cmTC_5b74e.dir/CMakeCCompilerABI.c.o' '-c' '-mtune=generic' '-march=x86-64'
Linking C executable cmTC_5b74e
/opt/buildtools/cmake-3.20.5/bin/cmake -E cmake_link_script CMakeFiles/cmTC_5b74e.dir/link.txt --verbose=1
/usr/local/bin/cc  -v -rdynamic CMakeFiles/cmTC_5b74e.dir/CMakeCCompilerABI.c.o -o cmTC_5b74e 
Using built-in specs.
COLLECT_GCC=/usr/local/bin/cc
COLLECT_LTO_WRAPPER=/opt/buildtools/gcc-7.3.0/libexec/gcc/x86_64-pc-linux-gnu/7.3.0/lto-wrapper
Target: x86_64-pc-linux-gnu
Configured with: ./configure --prefix=/opt/buildtools/gcc-7.3.0 --with-mpc=/opt/buildtools/gcc-7.3.0/mpc-1.2.1 --with-gmp=/opt/buildtools/gcc-7.3.0/gmp-6.2.1 --with-mpfr=/opt/buildtools/gcc-7.3.0/mpfr-4.1.0 --enable-checking=release
Thread model: posix
gcc version 7.3.0 (GCC) 
COMPILER_PATH=/opt/buildtools/gcc-7.3.0/libexec/gcc/x86_64-pc-linux-gnu/7.3.0/:/opt/buildtools/gcc-7.3.0/libexec/gcc/x86_64-pc-linux-gnu/7.3.0/:/opt/buildtools/gcc-7.3.0/libexec/gcc/x86_64-pc-linux-gnu/:/opt/buildtools/gcc-7.3.0/lib/gcc/x86_64-pc-linux-gnu/7.3.0/:/opt/buildtools/gcc-7.3.0/lib/gcc/x86_64-pc-linux-gnu/
LIBRARY_PATH=/opt/buildtools/gcc-7.3.0/lib/gcc/x86_64-pc-linux-gnu/7.3.0/:/opt/buildtools/gcc-7.3.0/lib/gcc/x86_64-pc-linux-gnu/7.3.0/../../../../lib64/:/lib/../lib64/:/usr/lib/../lib64/:/opt/buildtools/gcc-7.3.0/lib/gcc/x86_64-pc-linux-gnu/7.3.0/../../../:/lib/:/usr/lib/
COLLECT_GCC_OPTIONS='-v' '-rdynamic' '-o' 'cmTC_5b74e' '-mtune=generic' '-march=x86-64'
 /opt/buildtools/gcc-7.3.0/libexec/gcc/x86_64-pc-linux-gnu/7.3.0/collect2 -plugin /opt/buildtools/gcc-7.3.0/libexec/gcc/x86_64-pc-linux-gnu/7.3.0/liblto_plugin.so -plugin-opt=/opt/buildtools/gcc-7.3.0/libexec/gcc/x86_64-pc-linux-gnu/7.3.0/lto-wrapper -plugin-opt=-fresolution=/tmp/ccBmeGga.res -plugin-opt=-pass-through=-lgcc -plugin-opt=-pass-through=-lgcc_s -plugin-opt=-pass-through=-lc -plugin-opt=-pass-through=-lgcc -plugin-opt=-pass-through=-lgcc_s --eh-frame-hdr -m elf_x86_64 -export-dynamic -dynamic-linker /lib64/ld-linux-x86-64.so.2 -o cmTC_5b74e /usr/lib/../lib64/crt1.o /usr/lib/../lib64/crti.o /opt/buildtools/gcc-7.3.0/lib/gcc/x86_64-pc-linux-gnu/7.3.0/crtbegin.o -L/opt/buildtools/gcc-7.3.0/lib/gcc/x86_64-pc-linux-gnu/7.3.0 -L/opt/buildtools/gcc-7.3.0/lib/gcc/x86_64-pc-linux-gnu/7.3.0/../../../../lib64 -L/lib/../lib64 -L/usr/lib/../lib64 -L/opt/buildtools/gcc-7.3.0/lib/gcc/x86_64-pc-linux-gnu/7.3.0/../../.. CMakeFiles/cmTC_5b74e.dir/CMakeCCompilerABI.c.o -lgcc --as-needed -lgcc_s --no-as-needed -lc -lgcc --as-needed -lgcc_s --no-as-needed /opt/buildtools/gcc-7.3.0/lib/gcc/x86_64-pc-linux-gnu/7.3.0/crtend.o /usr/lib/../lib64/crtn.o
COLLECT_GCC_OPTIONS='-v' '-rdynamic' '-o' 'cmTC_5b74e' '-mtune=generic' '-march=x86-64'
gmake[1]: Leaving directory '/usr1/jenkins/workspace/compile/V2R2_trunk/tools/toolchain/crypto_tool/tmp/CMakeFiles/CMakeTmp'



Parsed C implicit include dir info from above output: rv=done
  found start of include info
  found start of implicit include info
    add: [/opt/buildtools/gcc-7.3.0/lib/gcc/x86_64-pc-linux-gnu/7.3.0/include]
    add: [/usr/local/include]
    add: [/opt/buildtools/gcc-7.3.0/include]
    add: [/opt/buildtools/gcc-7.3.0/lib/gcc/x86_64-pc-linux-gnu/7.3.0/include-fixed]
    add: [/usr/include]
  end of search list found
  collapse include dir [/opt/buildtools/gcc-7.3.0/lib/gcc/x86_64-pc-linux-gnu/7.3.0/include] ==> [/opt/buildtools/gcc-7.3.0/lib/gcc/x86_64-pc-linux-gnu/7.3.0/include]
  collapse include dir [/usr/local/include] ==> [/usr/local/include]
  collapse include dir [/opt/buildtools/gcc-7.3.0/include] ==> [/opt/buildtools/gcc-7.3.0/include]
  collapse include dir [/opt/buildtools/gcc-7.3.0/lib/gcc/x86_64-pc-linux-gnu/7.3.0/include-fixed] ==> [/opt/buildtools/gcc-7.3.0/lib/gcc/x86_64-pc-linux-gnu/7.3.0/include-fixed]
  collapse include dir [/usr/include] ==> [/usr/include]
  implicit include dirs: [/opt/buildtools/gcc-7.3.0/lib/gcc/x86_64-pc-linux-gnu/7.3.0/include;/usr/local/include;/opt/buildtools/gcc-7.3.0/include;/opt/buildtools/gcc-7.3.0/lib/gcc/x86_64-pc-linux-gnu/7.3.0/include-fixed;/usr/include]


Parsed C implicit link information from above output:
  link line regex: [^( *|.*[/\])(ld|CMAKE_LINK_STARTFILE-NOTFOUND|([^/\]+-)?ld|collect2)[^/\]*( |$)]
  ignore line: [Change Dir: /usr1/jenkins/workspace/compile/V2R2_trunk/tools/toolchain/crypto_tool/tmp/CMakeFiles/CMakeTmp]
  ignore line: []
  ignore line: [Run Build Command(s):/usr/bin/gmake -f Makefile cmTC_5b74e/fast && /usr/bin/gmake  -f CMakeFiles/cmTC_5b74e.dir/build.make CMakeFiles/cmTC_5b74e.dir/build]
  ignore line: [gmake[1]: Entering directory '/usr1/jenkins/workspace/compile/V2R2_trunk/tools/toolchain/crypto_tool/tmp/CMakeFiles/CMakeTmp']
  ignore line: [Building C object CMakeFiles/cmTC_5b74e.dir/CMakeCCompilerABI.c.o]
  ignore line: [/usr/local/bin/cc   -v -o CMakeFiles/cmTC_5b74e.dir/CMakeCCompilerABI.c.o -c /opt/buildtools/cmake-3.20.5/share/cmake-3.20/Modules/CMakeCCompilerABI.c]
  ignore line: [Using built-in specs.]
  ignore line: [COLLECT_GCC=/usr/local/bin/cc]
  ignore line: [Target: x86_64-pc-linux-gnu]
  ignore line: [Configured with: ./configure --prefix=/opt/buildtools/gcc-7.3.0 --with-mpc=/opt/buildtools/gcc-7.3.0/mpc-1.2.1 --with-gmp=/opt/buildtools/gcc-7.3.0/gmp-6.2.1 --with-mpfr=/opt/buildtools/gcc-7.3.0/mpfr-4.1.0 --enable-checking=release]
  ignore line: [Thread model: posix]
  ignore line: [gcc version 7.3.0 (GCC) ]
  ignore line: [COLLECT_GCC_OPTIONS='-v' '-o' 'CMakeFiles/cmTC_5b74e.dir/CMakeCCompilerABI.c.o' '-c' '-mtune=generic' '-march=x86-64']
  ignore line: [ /opt/buildtools/gcc-7.3.0/libexec/gcc/x86_64-pc-linux-gnu/7.3.0/cc1 -quiet -v /opt/buildtools/cmake-3.20.5/share/cmake-3.20/Modules/CMakeCCompilerABI.c -quiet -dumpbase CMakeCCompilerABI.c -mtune=generic -march=x86-64 -auxbase-strip CMakeFiles/cmTC_5b74e.dir/CMakeCCompilerABI.c.o -version -o /tmp/ccQhLhi7.s]
  ignore line: [GNU C11 (GCC) version 7.3.0 (x86_64-pc-linux-gnu)]
  ignore line: [	compiled by GNU C version 7.3.0  GMP version 6.2.1  MPFR version 4.1.0  MPC version 1.2.1  isl version none]
  ignore line: [GGC heuristics: --param ggc-min-expand=100 --param ggc-min-heapsize=131072]
  ignore line: [ignoring nonexistent directory "/opt/buildtools/gcc-7.3.0/lib/gcc/x86_64-pc-linux-gnu/7.3.0/../../../../x86_64-pc-linux-gnu/include"]
  ignore line: [#include "..." search starts here:]
  ignore line: [#include <...> search starts here:]
  ignore line: [ /opt/buildtools/gcc-7.3.0/lib/gcc/x86_64-pc-linux-gnu/7.3.0/include]
  ignore line: [ /usr/local/include]
  ignore line: [ /opt/buildtools/gcc-7.3.0/include]
  ignore line: [ /opt/buildtools/gcc-7.3.0/lib/gcc/x86_64-pc-linux-gnu/7.3.0/include-fixed]
  ignore line: [ /usr/include]
  ignore line: [End of search list.]
  ignore line: [GNU C11 (GCC) version 7.3.0 (x86_64-pc-linux-gnu)]
  ignore line: [	compiled by GNU C version 7.3.0  GMP version 6.2.1  MPFR version 4.1.0  MPC version 1.2.1  isl version none]
  ignore line: [GGC heuristics: --param ggc-min-expand=100 --param ggc-min-heapsize=131072]
  ignore line: [Compiler executable checksum: 03255f0cd93ef2351dba4eaad5cace3b]
  ignore line: [COLLECT_GCC_OPTIONS='-v' '-o' 'CMakeFiles/cmTC_5b74e.dir/CMakeCCompilerABI.c.o' '-c' '-mtune=generic' '-march=x86-64']
  ignore line: [ as -v --64 -o CMakeFiles/cmTC_5b74e.dir/CMakeCCompilerABI.c.o /tmp/ccQhLhi7.s]
  ignore line: [GNU assembler version 2.32.0 (x86_64-suse-linux) using BFD version (GNU Binutils]
  ignore line: [ SUSE Linux Enterprise 12) 2.32.0.20190909-9.36]
  ignore line: [COMPILER_PATH=/opt/buildtools/gcc-7.3.0/libexec/gcc/x86_64-pc-linux-gnu/7.3.0/:/opt/buildtools/gcc-7.3.0/libexec/gcc/x86_64-pc-linux-gnu/7.3.0/:/opt/buildtools/gcc-7.3.0/libexec/gcc/x86_64-pc-linux-gnu/:/opt/buildtools/gcc-7.3.0/lib/gcc/x86_64-pc-linux-gnu/7.3.0/:/opt/buildtools/gcc-7.3.0/lib/gcc/x86_64-pc-linux-gnu/]
  ignore line: [LIBRARY_PATH=/opt/buildtools/gcc-7.3.0/lib/gcc/x86_64-pc-linux-gnu/7.3.0/:/opt/buildtools/gcc-7.3.0/lib/gcc/x86_64-pc-linux-gnu/7.3.0/../../../../lib64/:/lib/../lib64/:/usr/lib/../lib64/:/opt/buildtools/gcc-7.3.0/lib/gcc/x86_64-pc-linux-gnu/7.3.0/../../../:/lib/:/usr/lib/]
  ignore line: [COLLECT_GCC_OPTIONS='-v' '-o' 'CMakeFiles/cmTC_5b74e.dir/CMakeCCompilerABI.c.o' '-c' '-mtune=generic' '-march=x86-64']
  ignore line: [Linking C executable cmTC_5b74e]
  ignore line: [/opt/buildtools/cmake-3.20.5/bin/cmake -E cmake_link_script CMakeFiles/cmTC_5b74e.dir/link.txt --verbose=1]
  ignore line: [/usr/local/bin/cc  -v -rdynamic CMakeFiles/cmTC_5b74e.dir/CMakeCCompilerABI.c.o -o cmTC_5b74e ]
  ignore line: [Using built-in specs.]
  ignore line: [COLLECT_GCC=/usr/local/bin/cc]
  ignore line: [COLLECT_LTO_WRAPPER=/opt/buildtools/gcc-7.3.0/libexec/gcc/x86_64-pc-linux-gnu/7.3.0/lto-wrapper]
  ignore line: [Target: x86_64-pc-linux-gnu]
  ignore line: [Configured with: ./configure --prefix=/opt/buildtools/gcc-7.3.0 --with-mpc=/opt/buildtools/gcc-7.3.0/mpc-1.2.1 --with-gmp=/opt/buildtools/gcc-7.3.0/gmp-6.2.1 --with-mpfr=/opt/buildtools/gcc-7.3.0/mpfr-4.1.0 --enable-checking=release]
  ignore line: [Thread model: posix]
  ignore line: [gcc version 7.3.0 (GCC) ]
  ignore line: [COMPILER_PATH=/opt/buildtools/gcc-7.3.0/libexec/gcc/x86_64-pc-linux-gnu/7.3.0/:/opt/buildtools/gcc-7.3.0/libexec/gcc/x86_64-pc-linux-gnu/7.3.0/:/opt/buildtools/gcc-7.3.0/libexec/gcc/x86_64-pc-linux-gnu/:/opt/buildtools/gcc-7.3.0/lib/gcc/x86_64-pc-linux-gnu/7.3.0/:/opt/buildtools/gcc-7.3.0/lib/gcc/x86_64-pc-linux-gnu/]
  ignore line: [LIBRARY_PATH=/opt/buildtools/gcc-7.3.0/lib/gcc/x86_64-pc-linux-gnu/7.3.0/:/opt/buildtools/gcc-7.3.0/lib/gcc/x86_64-pc-linux-gnu/7.3.0/../../../../lib64/:/lib/../lib64/:/usr/lib/../lib64/:/opt/buildtools/gcc-7.3.0/lib/gcc/x86_64-pc-linux-gnu/7.3.0/../../../:/lib/:/usr/lib/]
  ignore line: [COLLECT_GCC_OPTIONS='-v' '-rdynamic' '-o' 'cmTC_5b74e' '-mtune=generic' '-march=x86-64']
  link line: [ /opt/buildtools/gcc-7.3.0/libexec/gcc/x86_64-pc-linux-gnu/7.3.0/collect2 -plugin /opt/buildtools/gcc-7.3.0/libexec/gcc/x86_64-pc-linux-gnu/7.3.0/liblto_plugin.so -plugin-opt=/opt/buildtools/gcc-7.3.0/libexec/gcc/x86_64-pc-linux-gnu/7.3.0/lto-wrapper -plugin-opt=-fresolution=/tmp/ccBmeGga.res -plugin-opt=-pass-through=-lgcc -plugin-opt=-pass-through=-lgcc_s -plugin-opt=-pass-through=-lc -plugin-opt=-pass-through=-lgcc -plugin-opt=-pass-through=-lgcc_s --eh-frame-hdr -m elf_x86_64 -export-dynamic -dynamic-linker /lib64/ld-linux-x86-64.so.2 -o cmTC_5b74e /usr/lib/../lib64/crt1.o /usr/lib/../lib64/crti.o /opt/buildtools/gcc-7.3.0/lib/gcc/x86_64-pc-linux-gnu/7.3.0/crtbegin.o -L/opt/buildtools/gcc-7.3.0/lib/gcc/x86_64-pc-linux-gnu/7.3.0 -L/opt/buildtools/gcc-7.3.0/lib/gcc/x86_64-pc-linux-gnu/7.3.0/../../../../lib64 -L/lib/../lib64 -L/usr/lib/../lib64 -L/opt/buildtools/gcc-7.3.0/lib/gcc/x86_64-pc-linux-gnu/7.3.0/../../.. CMakeFiles/cmTC_5b74e.dir/CMakeCCompilerABI.c.o -lgcc --as-needed -lgcc_s --no-as-needed -lc -lgcc --as-needed -lgcc_s --no-as-needed /opt/buildtools/gcc-7.3.0/lib/gcc/x86_64-pc-linux-gnu/7.3.0/crtend.o /usr/lib/../lib64/crtn.o]
    arg [/opt/buildtools/gcc-7.3.0/libexec/gcc/x86_64-pc-linux-gnu/7.3.0/collect2] ==> ignore
    arg [-plugin] ==> ignore
    arg [/opt/buildtools/gcc-7.3.0/libexec/gcc/x86_64-pc-linux-gnu/7.3.0/liblto_plugin.so] ==> ignore
    arg [-plugin-opt=/opt/buildtools/gcc-7.3.0/libexec/gcc/x86_64-pc-linux-gnu/7.3.0/lto-wrapper] ==> ignore
    arg [-plugin-opt=-fresolution=/tmp/ccBmeGga.res] ==> ignore
    arg [-plugin-opt=-pass-through=-lgcc] ==> ignore
    arg [-plugin-opt=-pass-through=-lgcc_s] ==> ignore
    arg [-plugin-opt=-pass-through=-lc] ==> ignore
    arg [-plugin-opt=-pass-through=-lgcc] ==> ignore
    arg [-plugin-opt=-pass-through=-lgcc_s] ==> ignore
    arg [--eh-frame-hdr] ==> ignore
    arg [-m] ==> ignore
    arg [elf_x86_64] ==> ignore
    arg [-export-dynamic] ==> ignore
    arg [-dynamic-linker] ==> ignore
    arg [/lib64/ld-linux-x86-64.so.2] ==> ignore
    arg [-o] ==> ignore
    arg [cmTC_5b74e] ==> ignore
    arg [/usr/lib/../lib64/crt1.o] ==> obj [/usr/lib/../lib64/crt1.o]
    arg [/usr/lib/../lib64/crti.o] ==> obj [/usr/lib/../lib64/crti.o]
    arg [/opt/buildtools/gcc-7.3.0/lib/gcc/x86_64-pc-linux-gnu/7.3.0/crtbegin.o] ==> obj [/opt/buildtools/gcc-7.3.0/lib/gcc/x86_64-pc-linux-gnu/7.3.0/crtbegin.o]
    arg [-L/opt/buildtools/gcc-7.3.0/lib/gcc/x86_64-pc-linux-gnu/7.3.0] ==> dir [/opt/buildtools/gcc-7.3.0/lib/gcc/x86_64-pc-linux-gnu/7.3.0]
    arg [-L/opt/buildtools/gcc-7.3.0/lib/gcc/x86_64-pc-linux-gnu/7.3.0/../../../../lib64] ==> dir [/opt/buildtools/gcc-7.3.0/lib/gcc/x86_64-pc-linux-gnu/7.3.0/../../../../lib64]
    arg [-L/lib/../lib64] ==> dir [/lib/../lib64]
    arg [-L/usr/lib/../lib64] ==> dir [/usr/lib/../lib64]
    arg [-L/opt/buildtools/gcc-7.3.0/lib/gcc/x86_64-pc-linux-gnu/7.3.0/../../..] ==> dir [/opt/buildtools/gcc-7.3.0/lib/gcc/x86_64-pc-linux-gnu/7.3.0/../../..]
    arg [CMakeFiles/cmTC_5b74e.dir/CMakeCCompilerABI.c.o] ==> ignore
    arg [-lgcc] ==> lib [gcc]
    arg [--as-needed] ==> ignore
    arg [-lgcc_s] ==> lib [gcc_s]
    arg [--no-as-needed] ==> ignore
    arg [-lc] ==> lib [c]
    arg [-lgcc] ==> lib [gcc]
    arg [--as-needed] ==> ignore
    arg [-lgcc_s] ==> lib [gcc_s]
    arg [--no-as-needed] ==> ignore
    arg [/opt/buildtools/gcc-7.3.0/lib/gcc/x86_64-pc-linux-gnu/7.3.0/crtend.o] ==> obj [/opt/buildtools/gcc-7.3.0/lib/gcc/x86_64-pc-linux-gnu/7.3.0/crtend.o]
    arg [/usr/lib/../lib64/crtn.o] ==> obj [/usr/lib/../lib64/crtn.o]
  collapse obj [/usr/lib/../lib64/crt1.o] ==> [/usr/lib64/crt1.o]
  collapse obj [/usr/lib/../lib64/crti.o] ==> [/usr/lib64/crti.o]
  collapse obj [/usr/lib/../lib64/crtn.o] ==> [/usr/lib64/crtn.o]
  collapse library dir [/opt/buildtools/gcc-7.3.0/lib/gcc/x86_64-pc-linux-gnu/7.3.0] ==> [/opt/buildtools/gcc-7.3.0/lib/gcc/x86_64-pc-linux-gnu/7.3.0]
  collapse library dir [/opt/buildtools/gcc-7.3.0/lib/gcc/x86_64-pc-linux-gnu/7.3.0/../../../../lib64] ==> [/opt/buildtools/gcc-7.3.0/lib64]
  collapse library dir [/lib/../lib64] ==> [/lib64]
  collapse library dir [/usr/lib/../lib64] ==> [/usr/lib64]
  collapse library dir [/opt/buildtools/gcc-7.3.0/lib/gcc/x86_64-pc-linux-gnu/7.3.0/../../..] ==> [/opt/buildtools/gcc-7.3.0/lib]
  implicit libs: [gcc;gcc_s;c;gcc;gcc_s]
  implicit objs: [/usr/lib64/crt1.o;/usr/lib64/crti.o;/opt/buildtools/gcc-7.3.0/lib/gcc/x86_64-pc-linux-gnu/7.3.0/crtbegin.o;/opt/buildtools/gcc-7.3.0/lib/gcc/x86_64-pc-linux-gnu/7.3.0/crtend.o;/usr/lib64/crtn.o]
  implicit dirs: [/opt/buildtools/gcc-7.3.0/lib/gcc/x86_64-pc-linux-gnu/7.3.0;/opt/buildtools/gcc-7.3.0/lib64;/lib64;/usr/lib64;/opt/buildtools/gcc-7.3.0/lib]
  implicit fwks: []


Detecting CXX compiler ABI info compiled with the following output:
Change Dir: /usr1/jenkins/workspace/compile/V2R2_trunk/tools/toolchain/crypto_tool/tmp/CMakeFiles/CMakeTmp

Run Build Command(s):/usr/bin/gmake -f Makefile cmTC_6581d/fast && /usr/bin/gmake  -f CMakeFiles/cmTC_6581d.dir/build.make CMakeFiles/cmTC_6581d.dir/build
gmake[1]: Entering directory '/usr1/jenkins/workspace/compile/V2R2_trunk/tools/toolchain/crypto_tool/tmp/CMakeFiles/CMakeTmp'
Building CXX object CMakeFiles/cmTC_6581d.dir/CMakeCXXCompilerABI.cpp.o
/usr/local/bin/c++   -v -o CMakeFiles/cmTC_6581d.dir/CMakeCXXCompilerABI.cpp.o -c /opt/buildtools/cmake-3.20.5/share/cmake-3.20/Modules/CMakeCXXCompilerABI.cpp
Using built-in specs.
COLLECT_GCC=/usr/local/bin/c++
Target: x86_64-pc-linux-gnu
Configured with: ./configure --prefix=/opt/buildtools/gcc-7.3.0 --with-mpc=/opt/buildtools/gcc-7.3.0/mpc-1.2.1 --with-gmp=/opt/buildtools/gcc-7.3.0/gmp-6.2.1 --with-mpfr=/opt/buildtools/gcc-7.3.0/mpfr-4.1.0 --enable-checking=release
Thread model: posix
gcc version 7.3.0 (GCC) 
COLLECT_GCC_OPTIONS='-v' '-o' 'CMakeFiles/cmTC_6581d.dir/CMakeCXXCompilerABI.cpp.o' '-c' '-shared-libgcc' '-mtune=generic' '-march=x86-64'
 /opt/buildtools/gcc-7.3.0/libexec/gcc/x86_64-pc-linux-gnu/7.3.0/cc1plus -quiet -v -D_GNU_SOURCE /opt/buildtools/cmake-3.20.5/share/cmake-3.20/Modules/CMakeCXXCompilerABI.cpp -quiet -dumpbase CMakeCXXCompilerABI.cpp -mtune=generic -march=x86-64 -auxbase-strip CMakeFiles/cmTC_6581d.dir/CMakeCXXCompilerABI.cpp.o -version -o /tmp/ccVra6cd.s
GNU C++14 (GCC) version 7.3.0 (x86_64-pc-linux-gnu)
	compiled by GNU C version 7.3.0, GMP version 6.2.1, MPFR version 4.1.0, MPC version 1.2.1, isl version none
GGC heuristics: --param ggc-min-expand=100 --param ggc-min-heapsize=131072
ignoring nonexistent directory "/opt/buildtools/gcc-7.3.0/lib/gcc/x86_64-pc-linux-gnu/7.3.0/../../../../x86_64-pc-linux-gnu/include"
#include "..." search starts here:
#include <...> search starts here:
 /opt/buildtools/gcc-7.3.0/lib/gcc/x86_64-pc-linux-gnu/7.3.0/../../../../include/c++/7.3.0
 /opt/buildtools/gcc-7.3.0/lib/gcc/x86_64-pc-linux-gnu/7.3.0/../../../../include/c++/7.3.0/x86_64-pc-linux-gnu
 /opt/buildtools/gcc-7.3.0/lib/gcc/x86_64-pc-linux-gnu/7.3.0/../../../../include/c++/7.3.0/backward
 /opt/buildtools/gcc-7.3.0/lib/gcc/x86_64-pc-linux-gnu/7.3.0/include
 /usr/local/include
 /opt/buildtools/gcc-7.3.0/include
 /opt/buildtools/gcc-7.3.0/lib/gcc/x86_64-pc-linux-gnu/7.3.0/include-fixed
 /usr/include
End of search list.
GNU C++14 (GCC) version 7.3.0 (x86_64-pc-linux-gnu)
	compiled by GNU C version 7.3.0, GMP version 6.2.1, MPFR version 4.1.0, MPC version 1.2.1, isl version none
GGC heuristics: --param ggc-min-expand=100 --param ggc-min-heapsize=131072
Compiler executable checksum: 8629133dd33cf1898a786fe9452b1765
COLLECT_GCC_OPTIONS='-v' '-o' 'CMakeFiles/cmTC_6581d.dir/CMakeCXXCompilerABI.cpp.o' '-c' '-shared-libgcc' '-mtune=generic' '-march=x86-64'
 as -v --64 -o CMakeFiles/cmTC_6581d.dir/CMakeCXXCompilerABI.cpp.o /tmp/ccVra6cd.s
GNU assembler version 2.32.0 (x86_64-suse-linux) using BFD version (GNU Binutils; SUSE Linux Enterprise 12) 2.32.0.20190909-9.36
COMPILER_PATH=/opt/buildtools/gcc-7.3.0/libexec/gcc/x86_64-pc-linux-gnu/7.3.0/:/opt/buildtools/gcc-7.3.0/libexec/gcc/x86_64-pc-linux-gnu/7.3.0/:/opt/buildtools/gcc-7.3.0/libexec/gcc/x86_64-pc-linux-gnu/:/opt/buildtools/gcc-7.3.0/lib/gcc/x86_64-pc-linux-gnu/7.3.0/:/opt/buildtools/gcc-7.3.0/lib/gcc/x86_64-pc-linux-gnu/
LIBRARY_PATH=/opt/buildtools/gcc-7.3.0/lib/gcc/x86_64-pc-linux-gnu/7.3.0/:/opt/buildtools/gcc-7.3.0/lib/gcc/x86_64-pc-linux-gnu/7.3.0/../../../../lib64/:/lib/../lib64/:/usr/lib/../lib64/:/opt/buildtools/gcc-7.3.0/lib/gcc/x86_64-pc-linux-gnu/7.3.0/../../../:/lib/:/usr/lib/
COLLECT_GCC_OPTIONS='-v' '-o' 'CMakeFiles/cmTC_6581d.dir/CMakeCXXCompilerABI.cpp.o' '-c' '-shared-libgcc' '-mtune=generic' '-march=x86-64'
Linking CXX executable cmTC_6581d
/opt/buildtools/cmake-3.20.5/bin/cmake -E cmake_link_script CMakeFiles/cmTC_6581d.dir/link.txt --verbose=1
/usr/local/bin/c++  -v -rdynamic CMakeFiles/cmTC_6581d.dir/CMakeCXXCompilerABI.cpp.o -o cmTC_6581d 
Using built-in specs.
COLLECT_GCC=/usr/local/bin/c++
COLLECT_LTO_WRAPPER=/opt/buildtools/gcc-7.3.0/libexec/gcc/x86_64-pc-linux-gnu/7.3.0/lto-wrapper
Target: x86_64-pc-linux-gnu
Configured with: ./configure --prefix=/opt/buildtools/gcc-7.3.0 --with-mpc=/opt/buildtools/gcc-7.3.0/mpc-1.2.1 --with-gmp=/opt/buildtools/gcc-7.3.0/gmp-6.2.1 --with-mpfr=/opt/buildtools/gcc-7.3.0/mpfr-4.1.0 --enable-checking=release
Thread model: posix
gcc version 7.3.0 (GCC) 
COMPILER_PATH=/opt/buildtools/gcc-7.3.0/libexec/gcc/x86_64-pc-linux-gnu/7.3.0/:/opt/buildtools/gcc-7.3.0/libexec/gcc/x86_64-pc-linux-gnu/7.3.0/:/opt/buildtools/gcc-7.3.0/libexec/gcc/x86_64-pc-linux-gnu/:/opt/buildtools/gcc-7.3.0/lib/gcc/x86_64-pc-linux-gnu/7.3.0/:/opt/buildtools/gcc-7.3.0/lib/gcc/x86_64-pc-linux-gnu/
LIBRARY_PATH=/opt/buildtools/gcc-7.3.0/lib/gcc/x86_64-pc-linux-gnu/7.3.0/:/opt/buildtools/gcc-7.3.0/lib/gcc/x86_64-pc-linux-gnu/7.3.0/../../../../lib64/:/lib/../lib64/:/usr/lib/../lib64/:/opt/buildtools/gcc-7.3.0/lib/gcc/x86_64-pc-linux-gnu/7.3.0/../../../:/lib/:/usr/lib/
COLLECT_GCC_OPTIONS='-v' '-rdynamic' '-o' 'cmTC_6581d' '-shared-libgcc' '-mtune=generic' '-march=x86-64'
 /opt/buildtools/gcc-7.3.0/libexec/gcc/x86_64-pc-linux-gnu/7.3.0/collect2 -plugin /opt/buildtools/gcc-7.3.0/libexec/gcc/x86_64-pc-linux-gnu/7.3.0/liblto_plugin.so -plugin-opt=/opt/buildtools/gcc-7.3.0/libexec/gcc/x86_64-pc-linux-gnu/7.3.0/lto-wrapper -plugin-opt=-fresolution=/tmp/ccs9x7pb.res -plugin-opt=-pass-through=-lgcc_s -plugin-opt=-pass-through=-lgcc -plugin-opt=-pass-through=-lc -plugin-opt=-pass-through=-lgcc_s -plugin-opt=-pass-through=-lgcc --eh-frame-hdr -m elf_x86_64 -export-dynamic -dynamic-linker /lib64/ld-linux-x86-64.so.2 -o cmTC_6581d /usr/lib/../lib64/crt1.o /usr/lib/../lib64/crti.o /opt/buildtools/gcc-7.3.0/lib/gcc/x86_64-pc-linux-gnu/7.3.0/crtbegin.o -L/opt/buildtools/gcc-7.3.0/lib/gcc/x86_64-pc-linux-gnu/7.3.0 -L/opt/buildtools/gcc-7.3.0/lib/gcc/x86_64-pc-linux-gnu/7.3.0/../../../../lib64 -L/lib/../lib64 -L/usr/lib/../lib64 -L/opt/buildtools/gcc-7.3.0/lib/gcc/x86_64-pc-linux-gnu/7.3.0/../../.. CMakeFiles/cmTC_6581d.dir/CMakeCXXCompilerABI.cpp.o -lstdc++ -lm -lgcc_s -lgcc -lc -lgcc_s -lgcc /opt/buildtools/gcc-7.3.0/lib/gcc/x86_64-pc-linux-gnu/7.3.0/crtend.o /usr/lib/../lib64/crtn.o
COLLECT_GCC_OPTIONS='-v' '-rdynamic' '-o' 'cmTC_6581d' '-shared-libgcc' '-mtune=generic' '-march=x86-64'
gmake[1]: Leaving directory '/usr1/jenkins/workspace/compile/V2R2_trunk/tools/toolchain/crypto_tool/tmp/CMakeFiles/CMakeTmp'



Parsed CXX implicit include dir info from above output: rv=done
  found start of include info
  found start of implicit include info
    add: [/opt/buildtools/gcc-7.3.0/lib/gcc/x86_64-pc-linux-gnu/7.3.0/../../../../include/c++/7.3.0]
    add: [/opt/buildtools/gcc-7.3.0/lib/gcc/x86_64-pc-linux-gnu/7.3.0/../../../../include/c++/7.3.0/x86_64-pc-linux-gnu]
    add: [/opt/buildtools/gcc-7.3.0/lib/gcc/x86_64-pc-linux-gnu/7.3.0/../../../../include/c++/7.3.0/backward]
    add: [/opt/buildtools/gcc-7.3.0/lib/gcc/x86_64-pc-linux-gnu/7.3.0/include]
    add: [/usr/local/include]
    add: [/opt/buildtools/gcc-7.3.0/include]
    add: [/opt/buildtools/gcc-7.3.0/lib/gcc/x86_64-pc-linux-gnu/7.3.0/include-fixed]
    add: [/usr/include]
  end of search list found
  collapse include dir [/opt/buildtools/gcc-7.3.0/lib/gcc/x86_64-pc-linux-gnu/7.3.0/../../../../include/c++/7.3.0] ==> [/opt/buildtools/gcc-7.3.0/include/c++/7.3.0]
  collapse include dir [/opt/buildtools/gcc-7.3.0/lib/gcc/x86_64-pc-linux-gnu/7.3.0/../../../../include/c++/7.3.0/x86_64-pc-linux-gnu] ==> [/opt/buildtools/gcc-7.3.0/include/c++/7.3.0/x86_64-pc-linux-gnu]
  collapse include dir [/opt/buildtools/gcc-7.3.0/lib/gcc/x86_64-pc-linux-gnu/7.3.0/../../../../include/c++/7.3.0/backward] ==> [/opt/buildtools/gcc-7.3.0/include/c++/7.3.0/backward]
  collapse include dir [/opt/buildtools/gcc-7.3.0/lib/gcc/x86_64-pc-linux-gnu/7.3.0/include] ==> [/opt/buildtools/gcc-7.3.0/lib/gcc/x86_64-pc-linux-gnu/7.3.0/include]
  collapse include dir [/usr/local/include] ==> [/usr/local/include]
  collapse include dir [/opt/buildtools/gcc-7.3.0/include] ==> [/opt/buildtools/gcc-7.3.0/include]
  collapse include dir [/opt/buildtools/gcc-7.3.0/lib/gcc/x86_64-pc-linux-gnu/7.3.0/include-fixed] ==> [/opt/buildtools/gcc-7.3.0/lib/gcc/x86_64-pc-linux-gnu/7.3.0/include-fixed]
  collapse include dir [/usr/include] ==> [/usr/include]
  implicit include dirs: [/opt/buildtools/gcc-7.3.0/include/c++/7.3.0;/opt/buildtools/gcc-7.3.0/include/c++/7.3.0/x86_64-pc-linux-gnu;/opt/buildtools/gcc-7.3.0/include/c++/7.3.0/backward;/opt/buildtools/gcc-7.3.0/lib/gcc/x86_64-pc-linux-gnu/7.3.0/include;/usr/local/include;/opt/buildtools/gcc-7.3.0/include;/opt/buildtools/gcc-7.3.0/lib/gcc/x86_64-pc-linux-gnu/7.3.0/include-fixed;/usr/include]


Parsed CXX implicit link information from above output:
  link line regex: [^( *|.*[/\])(ld|CMAKE_LINK_STARTFILE-NOTFOUND|([^/\]+-)?ld|collect2)[^/\]*( |$)]
  ignore line: [Change Dir: /usr1/jenkins/workspace/compile/V2R2_trunk/tools/toolchain/crypto_tool/tmp/CMakeFiles/CMakeTmp]
  ignore line: []
  ignore line: [Run Build Command(s):/usr/bin/gmake -f Makefile cmTC_6581d/fast && /usr/bin/gmake  -f CMakeFiles/cmTC_6581d.dir/build.make CMakeFiles/cmTC_6581d.dir/build]
  ignore line: [gmake[1]: Entering directory '/usr1/jenkins/workspace/compile/V2R2_trunk/tools/toolchain/crypto_tool/tmp/CMakeFiles/CMakeTmp']
  ignore line: [Building CXX object CMakeFiles/cmTC_6581d.dir/CMakeCXXCompilerABI.cpp.o]
  ignore line: [/usr/local/bin/c++   -v -o CMakeFiles/cmTC_6581d.dir/CMakeCXXCompilerABI.cpp.o -c /opt/buildtools/cmake-3.20.5/share/cmake-3.20/Modules/CMakeCXXCompilerABI.cpp]
  ignore line: [Using built-in specs.]
  ignore line: [COLLECT_GCC=/usr/local/bin/c++]
  ignore line: [Target: x86_64-pc-linux-gnu]
  ignore line: [Configured with: ./configure --prefix=/opt/buildtools/gcc-7.3.0 --with-mpc=/opt/buildtools/gcc-7.3.0/mpc-1.2.1 --with-gmp=/opt/buildtools/gcc-7.3.0/gmp-6.2.1 --with-mpfr=/opt/buildtools/gcc-7.3.0/mpfr-4.1.0 --enable-checking=release]
  ignore line: [Thread model: posix]
  ignore line: [gcc version 7.3.0 (GCC) ]
  ignore line: [COLLECT_GCC_OPTIONS='-v' '-o' 'CMakeFiles/cmTC_6581d.dir/CMakeCXXCompilerABI.cpp.o' '-c' '-shared-libgcc' '-mtune=generic' '-march=x86-64']
  ignore line: [ /opt/buildtools/gcc-7.3.0/libexec/gcc/x86_64-pc-linux-gnu/7.3.0/cc1plus -quiet -v -D_GNU_SOURCE /opt/buildtools/cmake-3.20.5/share/cmake-3.20/Modules/CMakeCXXCompilerABI.cpp -quiet -dumpbase CMakeCXXCompilerABI.cpp -mtune=generic -march=x86-64 -auxbase-strip CMakeFiles/cmTC_6581d.dir/CMakeCXXCompilerABI.cpp.o -version -o /tmp/ccVra6cd.s]
  ignore line: [GNU C++14 (GCC) version 7.3.0 (x86_64-pc-linux-gnu)]
  ignore line: [	compiled by GNU C version 7.3.0  GMP version 6.2.1  MPFR version 4.1.0  MPC version 1.2.1  isl version none]
  ignore line: [GGC heuristics: --param ggc-min-expand=100 --param ggc-min-heapsize=131072]
  ignore line: [ignoring nonexistent directory "/opt/buildtools/gcc-7.3.0/lib/gcc/x86_64-pc-linux-gnu/7.3.0/../../../../x86_64-pc-linux-gnu/include"]
  ignore line: [#include "..." search starts here:]
  ignore line: [#include <...> search starts here:]
  ignore line: [ /opt/buildtools/gcc-7.3.0/lib/gcc/x86_64-pc-linux-gnu/7.3.0/../../../../include/c++/7.3.0]
  ignore line: [ /opt/buildtools/gcc-7.3.0/lib/gcc/x86_64-pc-linux-gnu/7.3.0/../../../../include/c++/7.3.0/x86_64-pc-linux-gnu]
  ignore line: [ /opt/buildtools/gcc-7.3.0/lib/gcc/x86_64-pc-linux-gnu/7.3.0/../../../../include/c++/7.3.0/backward]
  ignore line: [ /opt/buildtools/gcc-7.3.0/lib/gcc/x86_64-pc-linux-gnu/7.3.0/include]
  ignore line: [ /usr/local/include]
  ignore line: [ /opt/buildtools/gcc-7.3.0/include]
  ignore line: [ /opt/buildtools/gcc-7.3.0/lib/gcc/x86_64-pc-linux-gnu/7.3.0/include-fixed]
  ignore line: [ /usr/include]
  ignore line: [End of search list.]
  ignore line: [GNU C++14 (GCC) version 7.3.0 (x86_64-pc-linux-gnu)]
  ignore line: [	compiled by GNU C version 7.3.0  GMP version 6.2.1  MPFR version 4.1.0  MPC version 1.2.1  isl version none]
  ignore line: [GGC heuristics: --param ggc-min-expand=100 --param ggc-min-heapsize=131072]
  ignore line: [Compiler executable checksum: 8629133dd33cf1898a786fe9452b1765]
  ignore line: [COLLECT_GCC_OPTIONS='-v' '-o' 'CMakeFiles/cmTC_6581d.dir/CMakeCXXCompilerABI.cpp.o' '-c' '-shared-libgcc' '-mtune=generic' '-march=x86-64']
  ignore line: [ as -v --64 -o CMakeFiles/cmTC_6581d.dir/CMakeCXXCompilerABI.cpp.o /tmp/ccVra6cd.s]
  ignore line: [GNU assembler version 2.32.0 (x86_64-suse-linux) using BFD version (GNU Binutils]
  ignore line: [ SUSE Linux Enterprise 12) 2.32.0.20190909-9.36]
  ignore line: [COMPILER_PATH=/opt/buildtools/gcc-7.3.0/libexec/gcc/x86_64-pc-linux-gnu/7.3.0/:/opt/buildtools/gcc-7.3.0/libexec/gcc/x86_64-pc-linux-gnu/7.3.0/:/opt/buildtools/gcc-7.3.0/libexec/gcc/x86_64-pc-linux-gnu/:/opt/buildtools/gcc-7.3.0/lib/gcc/x86_64-pc-linux-gnu/7.3.0/:/opt/buildtools/gcc-7.3.0/lib/gcc/x86_64-pc-linux-gnu/]
  ignore line: [LIBRARY_PATH=/opt/buildtools/gcc-7.3.0/lib/gcc/x86_64-pc-linux-gnu/7.3.0/:/opt/buildtools/gcc-7.3.0/lib/gcc/x86_64-pc-linux-gnu/7.3.0/../../../../lib64/:/lib/../lib64/:/usr/lib/../lib64/:/opt/buildtools/gcc-7.3.0/lib/gcc/x86_64-pc-linux-gnu/7.3.0/../../../:/lib/:/usr/lib/]
  ignore line: [COLLECT_GCC_OPTIONS='-v' '-o' 'CMakeFiles/cmTC_6581d.dir/CMakeCXXCompilerABI.cpp.o' '-c' '-shared-libgcc' '-mtune=generic' '-march=x86-64']
  ignore line: [Linking CXX executable cmTC_6581d]
  ignore line: [/opt/buildtools/cmake-3.20.5/bin/cmake -E cmake_link_script CMakeFiles/cmTC_6581d.dir/link.txt --verbose=1]
  ignore line: [/usr/local/bin/c++  -v -rdynamic CMakeFiles/cmTC_6581d.dir/CMakeCXXCompilerABI.cpp.o -o cmTC_6581d ]
  ignore line: [Using built-in specs.]
  ignore line: [COLLECT_GCC=/usr/local/bin/c++]
  ignore line: [COLLECT_LTO_WRAPPER=/opt/buildtools/gcc-7.3.0/libexec/gcc/x86_64-pc-linux-gnu/7.3.0/lto-wrapper]
  ignore line: [Target: x86_64-pc-linux-gnu]
  ignore line: [Configured with: ./configure --prefix=/opt/buildtools/gcc-7.3.0 --with-mpc=/opt/buildtools/gcc-7.3.0/mpc-1.2.1 --with-gmp=/opt/buildtools/gcc-7.3.0/gmp-6.2.1 --with-mpfr=/opt/buildtools/gcc-7.3.0/mpfr-4.1.0 --enable-checking=release]
  ignore line: [Thread model: posix]
  ignore line: [gcc version 7.3.0 (GCC) ]
  ignore line: [COMPILER_PATH=/opt/buildtools/gcc-7.3.0/libexec/gcc/x86_64-pc-linux-gnu/7.3.0/:/opt/buildtools/gcc-7.3.0/libexec/gcc/x86_64-pc-linux-gnu/7.3.0/:/opt/buildtools/gcc-7.3.0/libexec/gcc/x86_64-pc-linux-gnu/:/opt/buildtools/gcc-7.3.0/lib/gcc/x86_64-pc-linux-gnu/7.3.0/:/opt/buildtools/gcc-7.3.0/lib/gcc/x86_64-pc-linux-gnu/]
  ignore line: [LIBRARY_PATH=/opt/buildtools/gcc-7.3.0/lib/gcc/x86_64-pc-linux-gnu/7.3.0/:/opt/buildtools/gcc-7.3.0/lib/gcc/x86_64-pc-linux-gnu/7.3.0/../../../../lib64/:/lib/../lib64/:/usr/lib/../lib64/:/opt/buildtools/gcc-7.3.0/lib/gcc/x86_64-pc-linux-gnu/7.3.0/../../../:/lib/:/usr/lib/]
  ignore line: [COLLECT_GCC_OPTIONS='-v' '-rdynamic' '-o' 'cmTC_6581d' '-shared-libgcc' '-mtune=generic' '-march=x86-64']
  link line: [ /opt/buildtools/gcc-7.3.0/libexec/gcc/x86_64-pc-linux-gnu/7.3.0/collect2 -plugin /opt/buildtools/gcc-7.3.0/libexec/gcc/x86_64-pc-linux-gnu/7.3.0/liblto_plugin.so -plugin-opt=/opt/buildtools/gcc-7.3.0/libexec/gcc/x86_64-pc-linux-gnu/7.3.0/lto-wrapper -plugin-opt=-fresolution=/tmp/ccs9x7pb.res -plugin-opt=-pass-through=-lgcc_s -plugin-opt=-pass-through=-lgcc -plugin-opt=-pass-through=-lc -plugin-opt=-pass-through=-lgcc_s -plugin-opt=-pass-through=-lgcc --eh-frame-hdr -m elf_x86_64 -export-dynamic -dynamic-linker /lib64/ld-linux-x86-64.so.2 -o cmTC_6581d /usr/lib/../lib64/crt1.o /usr/lib/../lib64/crti.o /opt/buildtools/gcc-7.3.0/lib/gcc/x86_64-pc-linux-gnu/7.3.0/crtbegin.o -L/opt/buildtools/gcc-7.3.0/lib/gcc/x86_64-pc-linux-gnu/7.3.0 -L/opt/buildtools/gcc-7.3.0/lib/gcc/x86_64-pc-linux-gnu/7.3.0/../../../../lib64 -L/lib/../lib64 -L/usr/lib/../lib64 -L/opt/buildtools/gcc-7.3.0/lib/gcc/x86_64-pc-linux-gnu/7.3.0/../../.. CMakeFiles/cmTC_6581d.dir/CMakeCXXCompilerABI.cpp.o -lstdc++ -lm -lgcc_s -lgcc -lc -lgcc_s -lgcc /opt/buildtools/gcc-7.3.0/lib/gcc/x86_64-pc-linux-gnu/7.3.0/crtend.o /usr/lib/../lib64/crtn.o]
    arg [/opt/buildtools/gcc-7.3.0/libexec/gcc/x86_64-pc-linux-gnu/7.3.0/collect2] ==> ignore
    arg [-plugin] ==> ignore
    arg [/opt/buildtools/gcc-7.3.0/libexec/gcc/x86_64-pc-linux-gnu/7.3.0/liblto_plugin.so] ==> ignore
    arg [-plugin-opt=/opt/buildtools/gcc-7.3.0/libexec/gcc/x86_64-pc-linux-gnu/7.3.0/lto-wrapper] ==> ignore
    arg [-plugin-opt=-fresolution=/tmp/ccs9x7pb.res] ==> ignore
    arg [-plugin-opt=-pass-through=-lgcc_s] ==> ignore
    arg [-plugin-opt=-pass-through=-lgcc] ==> ignore
    arg [-plugin-opt=-pass-through=-lc] ==> ignore
    arg [-plugin-opt=-pass-through=-lgcc_s] ==> ignore
    arg [-plugin-opt=-pass-through=-lgcc] ==> ignore
    arg [--eh-frame-hdr] ==> ignore
    arg [-m] ==> ignore
    arg [elf_x86_64] ==> ignore
    arg [-export-dynamic] ==> ignore
    arg [-dynamic-linker] ==> ignore
    arg [/lib64/ld-linux-x86-64.so.2] ==> ignore
    arg [-o] ==> ignore
    arg [cmTC_6581d] ==> ignore
    arg [/usr/lib/../lib64/crt1.o] ==> obj [/usr/lib/../lib64/crt1.o]
    arg [/usr/lib/../lib64/crti.o] ==> obj [/usr/lib/../lib64/crti.o]
    arg [/opt/buildtools/gcc-7.3.0/lib/gcc/x86_64-pc-linux-gnu/7.3.0/crtbegin.o] ==> obj [/opt/buildtools/gcc-7.3.0/lib/gcc/x86_64-pc-linux-gnu/7.3.0/crtbegin.o]
    arg [-L/opt/buildtools/gcc-7.3.0/lib/gcc/x86_64-pc-linux-gnu/7.3.0] ==> dir [/opt/buildtools/gcc-7.3.0/lib/gcc/x86_64-pc-linux-gnu/7.3.0]
    arg [-L/opt/buildtools/gcc-7.3.0/lib/gcc/x86_64-pc-linux-gnu/7.3.0/../../../../lib64] ==> dir [/opt/buildtools/gcc-7.3.0/lib/gcc/x86_64-pc-linux-gnu/7.3.0/../../../../lib64]
    arg [-L/lib/../lib64] ==> dir [/lib/../lib64]
    arg [-L/usr/lib/../lib64] ==> dir [/usr/lib/../lib64]
    arg [-L/opt/buildtools/gcc-7.3.0/lib/gcc/x86_64-pc-linux-gnu/7.3.0/../../..] ==> dir [/opt/buildtools/gcc-7.3.0/lib/gcc/x86_64-pc-linux-gnu/7.3.0/../../..]
    arg [CMakeFiles/cmTC_6581d.dir/CMakeCXXCompilerABI.cpp.o] ==> ignore
    arg [-lstdc++] ==> lib [stdc++]
    arg [-lm] ==> lib [m]
    arg [-lgcc_s] ==> lib [gcc_s]
    arg [-lgcc] ==> lib [gcc]
    arg [-lc] ==> lib [c]
    arg [-lgcc_s] ==> lib [gcc_s]
    arg [-lgcc] ==> lib [gcc]
    arg [/opt/buildtools/gcc-7.3.0/lib/gcc/x86_64-pc-linux-gnu/7.3.0/crtend.o] ==> obj [/opt/buildtools/gcc-7.3.0/lib/gcc/x86_64-pc-linux-gnu/7.3.0/crtend.o]
    arg [/usr/lib/../lib64/crtn.o] ==> obj [/usr/lib/../lib64/crtn.o]
  collapse obj [/usr/lib/../lib64/crt1.o] ==> [/usr/lib64/crt1.o]
  collapse obj [/usr/lib/../lib64/crti.o] ==> [/usr/lib64/crti.o]
  collapse obj [/usr/lib/../lib64/crtn.o] ==> [/usr/lib64/crtn.o]
  collapse library dir [/opt/buildtools/gcc-7.3.0/lib/gcc/x86_64-pc-linux-gnu/7.3.0] ==> [/opt/buildtools/gcc-7.3.0/lib/gcc/x86_64-pc-linux-gnu/7.3.0]
  collapse library dir [/opt/buildtools/gcc-7.3.0/lib/gcc/x86_64-pc-linux-gnu/7.3.0/../../../../lib64] ==> [/opt/buildtools/gcc-7.3.0/lib64]
  collapse library dir [/lib/../lib64] ==> [/lib64]
  collapse library dir [/usr/lib/../lib64] ==> [/usr/lib64]
  collapse library dir [/opt/buildtools/gcc-7.3.0/lib/gcc/x86_64-pc-linux-gnu/7.3.0/../../..] ==> [/opt/buildtools/gcc-7.3.0/lib]
  implicit libs: [stdc++;m;gcc_s;gcc;c;gcc_s;gcc]
  implicit objs: [/usr/lib64/crt1.o;/usr/lib64/crti.o;/opt/buildtools/gcc-7.3.0/lib/gcc/x86_64-pc-linux-gnu/7.3.0/crtbegin.o;/opt/buildtools/gcc-7.3.0/lib/gcc/x86_64-pc-linux-gnu/7.3.0/crtend.o;/usr/lib64/crtn.o]
  implicit dirs: [/opt/buildtools/gcc-7.3.0/lib/gcc/x86_64-pc-linux-gnu/7.3.0;/opt/buildtools/gcc-7.3.0/lib64;/lib64;/usr/lib64;/opt/buildtools/gcc-7.3.0/lib]
  implicit fwks: []


